2025-09-06 16:38:17,490 WARNING: Retryable error 403 for https://www.glamira.be/fr/glamira-pendant-viktor.html?alloy=yellow-585
2025-09-06 16:38:17,498 WARNING: Retryable error 403 for https://www.glamira.ae/glamira-pendant-viktor.html?alloy=white-platin
2025-09-06 16:38:19,012 WARNING: Retryable error 403 for https://test.glamira.de/glgb/glamira-earring-wynell.html
2025-09-06 16:38:19,012 WARNING: Retryable error 403 for https://test.glamira.de/glgb/glamira-earring-wynell.html
2025-09-06 16:38:19,012 WARNING: Retryable error 403 for https://test.glamira.de/glgb/glamira-earring-wynell.html?diamond=kunzite
2025-09-06 16:38:19,254 WARNING: Retryable error 403 for https://www.glamira.be/fr/glamira-pendant-viktor.html?alloy=yellow-585
2025-09-06 16:38:19,260 WARNING: Retryable error 403 for https://www.glamira.be/fr/glamira-pendant-viktor.html?alloy=yellow-585
2025-09-06 16:38:20,059 INFO: Successed: https://www.glamira.be/fr/glamira-pendant-viktor.html?alloy=yellow-585
2025-09-06 16:38:20,785 WARNING: Retryable error 403 for https://www.glamira.ca/glamira-pendant-viktor.html?alloy=red-375&fbclid=IwAR23D0z44OgPB3oE1worufdAwSeSVPhveuHga5BR9oUqyxFbhrlQLqC138g
2025-09-06 16:38:20,950 WARNING: Retryable error 403 for https://www.glamira.ca/glamira-pendant-viktor.html?alloy=white-750
2025-09-06 16:38:20,969 WARNING: Retryable error 403 for https://www.glamira.ca/glamira-pendant-viktor.html?alloy=white-750
2025-09-06 16:38:22,237 WARNING: Retryable error 403 for https://www.glamira.ca/glamira-pendant-viktor.html?alloy=white-750
2025-09-06 16:38:22,416 WARNING: Retryable error 403 for https://www.glamira.ca/glamira-pendant-viktor.html?alloy=white-palladium
2025-09-06 16:38:22,448 WARNING: Retryable error 403 for https://www.glamira.ca/glamira-pendant-viktor.html?alloy=white-platin
2025-09-06 16:38:23,020 INFO: Successed: https://www.glamira.be/fr/glamira-pendant-viktor.html?alloy=yellow-585
2025-09-06 16:38:23,028 INFO: Successed: https://www.glamira.be/glamira-pendant-viktor.html?alloy=white-platin
2025-09-06 16:38:23,737 WARNING: Retryable error 403 for https://www.glamira.ca/glamira-pendant-viktor.html?alloy=white-silber
2025-09-06 16:38:23,875 INFO: Successed: https://www.glamira.ca/glamira-pendant-viktor.html?alloy=white-750
2025-09-06 16:38:23,906 WARNING: Retryable error 403 for https://www.glamira.ca/glamira-pendant-viktor.html?alloy=yellow-750
2025-09-06 16:38:23,938 WARNING: Retryable error 403 for https://www.glamira.ca/glamira-pendant-viktor.html?alloy=yellow-585
2025-09-06 16:38:24,474 WARNING: Retryable error 403 for https://www.glamira.ca/glamira-pendant-viktor.html?alloy=yellow-750
2025-09-06 16:38:25,122 WARNING: Retryable error 403 for https://www.glamira.ca/glamira-pendant-viktor.html?alloy=yellow-750
2025-09-06 16:38:25,323 WARNING: Retryable error 403 for https://www.glamira.ca/glamira-pendant-viktor.html?alloy=yellow-750
2025-09-06 16:38:26,210 INFO: Successed: https://www.glamira.ca/glamira-pendant-viktor.html?alloy=yellow-585
2025-09-06 16:38:26,539 WARNING: Retryable error 403 for https://www.glamira.cl/glamira-pendant-viktor.html?alloy=white-585
2025-09-06 16:38:26,720 WARNING: Retryable error 403 for https://www.glamira.cl/glamira-pendant-viktor.html?alloy=white-585
2025-09-06 16:38:26,962 INFO: Successed: https://www.glamira.ca/glamira-pendant-viktor.html?alloy=yellow-585
2025-09-06 16:38:27,635 INFO: Successed: https://www.glamira.ca/glamira-pendant-viktor.html?alloy=yellow-750
2025-09-06 16:38:27,674 WARNING: Retryable error 403 for https://www.glamira.cl/glamira-pendant-viktor.html?alloy=yellow-585
2025-09-06 16:38:28,000 WARNING: Retryable error 403 for https://www.glamira.cl/glamira-pendant-viktor.html?alloy=yellow-585&gclid=Cj0KCQjwzZj2BRDVARIsABs3l9Iy_7qY4PIB9XV3aEO4roMSDAfm8uF8wsiW5enJF1aswJgNN5r-NfwaAv3XEALw_wcB
2025-09-06 16:38:28,182 WARNING: Retryable error 403 for https://www.glamira.cl/glamira-pendant-viktor.html?alloy=yellow-585&gclid=CjwKCAjw7-P1BRA2EiwAXoPWAzwSAit9iRYK7OHMxJF2SHr9gqzQDKeYjrGEbdpHw96KSb13GL3sJBoCQJcQAvD_BwE
2025-09-06 16:38:28,196 INFO: Successed: https://www.glamira.ca/glamira-pendant-viktor.html?alloy=yellow-750
2025-09-06 16:38:28,433 WARNING: Retryable error 403 for https://www.glamira.cl/glamira-pendant-viktor.html?alloy=yellow-585&gclid=CjwKCAjwtqj2BRBYEiwAqfzur0vLYHlF-hxLfvlH2Aa5sCAKc03vQFM5eo1KU_cxMrsmN5CCXvgoqBoCriAQAvD_BwE
2025-09-06 16:38:29,328 WARNING: Retryable error 403 for https://www.glamira.cl/glamira-pendant-viktor.html?alloy=yellow-750
2025-09-06 16:38:29,586 WARNING: Retryable error 403 for https://www.glamira.cl/glamira-pendant-viktor.html?alloy=yellow-750
2025-09-06 16:38:29,791 WARNING: Retryable error 403 for https://www.glamira.cl/glamira-pendant-viktor.html?gclid=CjwKCAjwqdn1BRBREiwAEbZcRxmuQUGzXpJU1s8fXdPJr7QAFM2cgr8om1w65aHLk4PHbLT9j0PLGhoCDykQAvD_BwE&alloy=yellow-750
2025-09-06 16:38:29,796 WARNING: Retryable error 403 for https://www.glamira.cl/glamira-pendant-viktor.html?gclid=EAIaIQobChMI4c2XzdLT6QIVoQiICR2WOw5jEAQYAyABEgK8gfD_BwE&alloy=yellow-375
2025-09-06 16:38:30,000 WARNING: Retryable error 403 for https://www.glamira.co.uk/glamira-pendant-viktor.html?alloy=yellow-585
2025-09-06 16:38:30,943 WARNING: Retryable error 403 for https://www.glamira.co.uk/glamira-pendant-viktor.html?alloy=yellow-585
2025-09-06 16:38:31,090 WARNING: Retryable error 403 for https://www.glamira.com.mx/glamira-pendant-viktor.html?alloy=white-750
2025-09-06 16:38:31,131 WARNING: Retryable error 403 for https://www.glamira.com.pe/glamira-pendant-viktor.html?alloy=white-silber
2025-09-06 16:38:31,270 WARNING: Retryable error 403 for https://www.glamira.com.pe/glamira-pendant-viktor.html?itm_source=recommendation&itm_medium=detail&alloy=yellow-750
2025-09-06 16:38:31,731 INFO: Successed: https://www.glamira.cl/glamira-pendant-viktor.html?alloy=yellow-585&gclid=EAIaIQobChMI4c2XzdLT6QIVoQiICR2WOw5jEAQYAyABEgK8gfD_BwE
2025-09-06 16:38:32,551 WARNING: Retryable error 403 for https://www.glamira.cz/glamira-pendant-viktor.html?alloy=yellow-585
2025-09-06 16:38:32,570 WARNING: Retryable error 403 for https://www.glamira.cz/glamira-pendant-viktor.html?alloy=yellow-585
2025-09-06 16:38:32,753 WARNING: Retryable error 403 for https://www.glamira.de/glamira-pendant-viktor.html?alloy=white-375
2025-09-06 16:38:32,821 INFO: Successed: https://www.glamira.co.uk/glamira-pendant-viktor.html?alloy=yellow-585
2025-09-06 16:38:33,927 WARNING: Retryable error 403 for https://www.glamira.de/glamira-pendant-viktor.html?alloy=white-585
2025-09-06 16:38:34,066 WARNING: Retryable error 403 for https://www.glamira.de/glamira-pendant-viktor.html?alloy=white-585
2025-09-06 16:38:34,118 WARNING: Retryable error 403 for https://www.glamira.de/glamira-pendant-viktor.html?alloy=yellow-585
2025-09-06 16:38:35,192 WARNING: Retryable error 403 for https://www.glamira.de/glamira-pendant-viktor.html?alloy=yellow-585
2025-09-06 16:38:35,241 ERROR: Non-retryable error 404 for https://www.glamira.com.tr/glamira-pendant-viktor.html?alloy=yellow-585
2025-09-06 16:38:35,419 WARNING: Retryable error 403 for https://www.glamira.de/glamira-pendant-viktor.html?alloy=yellow-750
2025-09-06 16:38:36,595 WARNING: Retryable error 403 for https://www.glamira.dk/glamira-pendant-viktor.html?alloy=yellow-585
2025-09-06 16:38:36,677 WARNING: Retryable error 403 for https://www.glamira.es/glamira-pendant-viktor.html?alloy=white-585
2025-09-06 16:38:36,872 WARNING: Retryable error 403 for https://www.glamira.es/glamira-pendant-viktor.html?alloy=white-750
2025-09-06 16:38:37,163 INFO: Successed: https://www.glamira.de/glamira-pendant-viktor.html?alloy=white-585
2025-09-06 16:38:37,823 INFO: Successfully added to result: https://www.glamira.vn/glamira-pendant-viktor.html?alloy=yellow-585
2025-09-06 16:38:37,982 INFO: Successed: https://www.glamira.de/glamira-pendant-viktor.html?alloy=white-585
2025-09-06 16:38:38,023 WARNING: Retryable error 403 for https://www.glamira.es/glamira-pendant-viktor.html?alloy=white-silber&itm_source=recommendation&itm_medium=smartsearch
2025-09-06 16:38:38,098 WARNING: Retryable error 403 for https://www.glamira.es/glamira-pendant-viktor.html?alloy=yellow-750
2025-09-06 16:38:38,256 WARNING: Retryable error 403 for https://www.glamira.fr/glamira-pendant-viktor.html?alloy=white-platin
2025-09-06 16:38:38,448 WARNING: Retryable error 403 for https://www.glamira.fr/glamira-pendant-viktor.html?alloy=white-platin&itm_source=recommendation&itm_medium=detail
2025-09-06 16:38:38,895 INFO: Successed: https://www.glamira.de/glamira-pendant-viktor.html?alloy=yellow-585
2025-09-06 16:38:40,613 WARNING: Retryable error 403 for https://www.glamira.ae/sense-muse-4-mm.html?alloy=white_red-375&gclid=Cj0KCQjw1Iv0BRDaARIsAGTWD1s-uqNdhDV-BFzbUFwz5O6_GbLZ4zHKnvG9P4D2Hiyt60isQTg1Ts8aAnZqEALw_wcB
2025-09-06 16:38:40,620 WARNING: Retryable error 403 for https://www.glamira.ae/sense-muse-4-mm.html?alloy=white_red-375&gclid=EAIaIQobChMInaOS5ZH_6AIV0NHVCh060QyzEAEYASABEgKvsfD_BwE
2025-09-06 16:38:40,648 WARNING: Retryable error 403 for https://www.glamira.ae/sense-muse-4-mm.html?alloy=white_red-375&gclid=EAIaIQobChMInaOS5ZH_6AIV0NHVCh060QyzEAEYASABEgKvsfD_BwE
2025-09-06 16:38:40,648 WARNING: Retryable error 403 for https://www.glamira.ae/sense-muse-4-mm.html?alloy=white_red-375&gclid=EAIaIQobChMInaOS5ZH_6AIV0NHVCh060QyzEAEYASABEgKvsfD_BwE
2025-09-06 16:38:40,648 WARNING: Retryable error 403 for https://www.glamira.ae/sense-muse-4-mm.html?alloy=white_red-375&gclid=EAIaIQobChMInaOS5ZH_6AIV0NHVCh060QyzEAEYASABEgKvsfD_BwE
2025-09-06 16:38:40,922 INFO: Successed: https://www.glamira.ae/sense-muse-4-mm.html?alloy=white_red-375&gclid=EAIaIQobChMInaOS5ZH_6AIV0NHVCh060QyzEAEYASABEgKvsfD_BwE
2025-09-06 16:38:42,139 WARNING: Retryable error 403 for https://www.glamira.ae/sense-muse-4-mm.html?alloy=white_red-375&gclid=EAIaIQobChMInaOS5ZH_6AIV0NHVCh060QyzEAEYASABEgKvsfD_BwE
2025-09-06 16:38:42,156 WARNING: Retryable error 403 for https://www.glamira.ae/sense-muse-4-mm.html?alloy=white_red-375&gclid=EAIaIQobChMInaOS5ZH_6AIV0NHVCh060QyzEAEYASABEgKvsfD_BwE
2025-09-06 16:38:42,440 WARNING: Retryable error 403 for https://www.glamira.at/sense-muse-4-mm.html?alloy=white-585
2025-09-06 16:38:42,446 WARNING: Retryable error 403 for https://www.glamira.ae/sense-muse-4-mm.html?alloy=white_red-375&stone=diamond-Zirconia
2025-09-06 16:38:42,452 WARNING: Retryable error 403 for https://www.glamira.at/sense-muse-4-mm.html?alloy=white_red-375&gclid=EAIaIQobChMI3rv72uqI6QIVkUMYCh2teQMSEAsYASABEgLB-_D_BwE
2025-09-06 16:38:42,615 INFO: Successed: https://www.glamira.at/sense-muse-4-mm.html?alloy=white_red-375&gclid=EAIaIQobChMI3rv72uqI6QIVkUMYCh2teQMSEAsYASABEgLB-_D_BwE
2025-09-06 16:38:43,670 WARNING: Retryable error 403 for https://www.glamira.at/sense-muse-4-mm.html?alloy=white_red-375&stone=diamond-Zirconia&itm_source=recommendation&itm_medium=sorting
2025-09-06 16:38:43,676 WARNING: Retryable error 403 for https://www.glamira.at/sense-muse-4-mm.html?alloy=white_red-375&stone=diamond-Zirconia&itm_source=recommendation&itm_medium=sorting
2025-09-06 16:38:44,272 WARNING: Retryable error 403 for https://www.glamira.at/sense-muse-4-mm.html?alloy=white_red-375&stone=diamond-Zirconia&itm_source=recommendation&itm_medium=sorting
2025-09-06 16:38:44,272 WARNING: Retryable error 403 for https://www.glamira.at/sense-muse-4-mm.html?stone=diamond-Zirconia&itm_source=recommendation&itm_medium=sorting&alloy=white_red-375
2025-09-06 16:38:44,275 WARNING: Retryable error 403 for https://www.glamira.at/sense-muse-4-mm.html?alloy=white_red-375&stone=diamond-Zirconia&itm_source=recommendation&itm_medium=sorting
2025-09-06 16:38:44,299 WARNING: Retryable error 403 for https://www.glamira.be/fr/sense-muse-4-mm.html?alloy=white_red-375&gclid=EAIaIQobChMInoj2mNXM6AIVzLTtCh06VgukEAYYAyABEgLXy_D_BwE
2025-09-06 16:38:45,164 WARNING: Retryable error 403 for https://www.glamira.be/sense-muse-4-mm.html?gclid=Cj0KCQjw-Mr0BRDyARIsAKEFbedFLvGtjmPj0lDgw6Huoy6ecBB5AJuNHmSqeDfz003kd-IG8XXyhncaAhe2EALw_wcB&alloy=white_red-375
2025-09-06 16:38:45,565 INFO: Successed: https://www.glamira.ca/fr/sense-muse-4-mm.html?alloy=white_red-375
2025-09-06 16:38:45,832 WARNING: Retryable error 403 for https://www.glamira.ca/fr/sense-muse-4-mm.html?alloy=white_red-375&gclid=Cj0KCQjwmpb0BRCBARIsAG7y4zbLDyQag5MI7X7cELP2IllwZuDLa9vkKDKsJ1YA9hL4ndajJoDhvN0aAibrEALw_wcB
2025-09-06 16:38:45,842 WARNING: Retryable error 403 for https://www.glamira.ca/fr/sense-muse-4-mm.html?alloy=white_red-375
2025-09-06 16:38:45,870 WARNING: Retryable error 403 for https://www.glamira.ca/fr/sense-muse-4-mm.html?alloy=white_red-375&gclid=Cj0KCQjwmpb0BRCBARIsAG7y4zbLDyQag5MI7X7cELP2IllwZuDLa9vkKDKsJ1YA9hL4ndajJoDhvN0aAibrEALw_wcB
2025-09-06 16:38:45,876 WARNING: Retryable error 403 for https://www.glamira.ca/fr/sense-muse-4-mm.html?alloy=white_red-375&gclid=Cj0KCQjwmpb0BRCBARIsAG7y4zbLDyQag5MI7X7cELP2IllwZuDLa9vkKDKsJ1YA9hL4ndajJoDhvN0aAibrEALw_wcB
2025-09-06 16:38:46,689 WARNING: Retryable error 403 for https://www.glamira.ca/sense-muse-4-mm.html?alloy=white_red-375&stone=diamond-Zirconia&itm_source=recommendation&itm_medium=sorting
2025-09-06 16:38:47,217 WARNING: Retryable error 403 for https://www.glamira.ch/fr/sense-muse-4-mm.html?alloy=white_red-375
2025-09-06 16:38:47,407 WARNING: Retryable error 403 for https://www.glamira.ch/sense-muse-4-mm.html?alloy=white-585&stone=diamond-Zirconia&itm_source=recommendation&itm_medium=sorting
2025-09-06 16:38:47,594 WARNING: Retryable error 403 for https://www.glamira.co.uk/sense-muse-4-mm.html?campaignid=1492025010&gclid=CjwKCAjwpqv0BRABEiwA-TySwd2UoKw_LziOywnNrRF4ymyDYfGgxKKphM89oehe7UAndstwWE84sxoCILQQAvD_BwE&alloy=yellow-375
2025-09-06 16:38:47,635 WARNING: Retryable error 403 for https://www.glamira.co.za/sense-muse-4-mm.html?alloy=white_red-375&gclid=EAIaIQobChMIvKe4tKrt6AIVh63tCh0-lwzXEAQYASABEgJQkPD_BwE
2025-09-06 16:38:47,669 INFO: Successfully added to result: https://www.glamira.se/sense-muse-4-mm.html?alloy=white_yellow-375&stone=diamond-Zirconia
2025-09-06 16:38:48,360 WARNING: Retryable error 403 for https://www.glamira.com.ph/sense-muse-4-mm.html?alloy=white_red-375&gclid=Cj0KCQjwka_1BRCPARIsAMlUmErPYDxH27ARk9xbXoVd04lokuQWVA8YgOHtyTxZtkHuJ2hF2cWX2JsaAjjoEALw_wcB
2025-09-06 16:38:48,691 WARNING: Retryable error 403 for https://www.glamira.com.ph/sense-muse-4-mm.html?alloy=white_red-375&gclid=CjwKCAjw1cX0BRBmEiwAy9tKHhvBa7sF0j8tgcRFOR7bYjou1EwSwSBjKRFki5Q37VguNED6tfgR-RoCOtcQAvD_BwE
2025-09-06 16:38:48,836 WARNING: Retryable error 403 for https://www.glamira.com.ph/sense-muse-4-mm.html?alloy=white_red-375&gclid=CjwKCAjw7e_0BRB7EiwAlH-goOzeT809yB56s5RMqlqr18kBuP-pAtPWQAAWqXD3fKJWyhWQHhgqgxoCjSYQAvD_BwE
2025-09-06 16:38:48,936 WARNING: Retryable error 403 for https://www.glamira.com.ph/sense-muse-4-mm.html?alloy=white_red-375&gclid=CjwKCAjwkPX0BRBKEiwA7THxiIci5rosrG-N4cs3ySBvX3OC0IcEA-Ok2q6N6MfSW1W4tM8gVo_SDxoC5-oQAvD_BwE
2025-09-06 16:38:49,671 INFO: Successed: https://www.glamira.com.ph/sense-muse-4-mm.html?alloy=white_red-375&gclid=CjwKCAjw7e_0BRB7EiwAlH-goOzeT809yB56s5RMqlqr18kBuP-pAtPWQAAWqXD3fKJWyhWQHhgqgxoCjSYQAvD_BwE
2025-09-06 16:38:53,042 INFO: Successed: https://www.glamira.com.au/sense-muse-4-mm.html?alloy=white_red-375&gclid=CjwKCAjw1cX0BRBmEiwAy9tKHkMBItZXVADxVuHgU94j2w7ZZcWk3lQYPa5HfUTLnYm28PtcXmhy8xoCWiwQAvD_BwE
2025-09-06 16:38:55,503 WARNING: Retryable error 403 for https://www.glamira.at/checkout/cart/configure/id/2243494/
2025-09-06 16:38:55,516 WARNING: Retryable error 403 for https://www.glamira.at/checkout/cart/configure/id/2243494/
2025-09-06 16:38:55,553 WARNING: Retryable error 403 for https://www.glamira.ae/glamira-pendant-nantale.html?alloy=yellow-750&diamond=ruby-cabochon&stone2=diamond-Swarovsky
2025-09-06 16:38:55,564 WARNING: Retryable error 403 for https://www.glamira.be/fr/glamira-pendant-nantale.html?itm_source=recommendation&itm_medium=smartsearch&diamond=opal-cabochon&stone2=diamond-Brillant&alloy=white-585
2025-09-06 16:38:55,574 WARNING: Retryable error 403 for https://www.glamira.be/fr/glamira-pendant-nantale.html?alloy=yellow-750&diamond=topaz-lemon-cabochon&stone2=diamond-Swarovsky&itm_source=recommendation&itm_medium=detail
2025-09-06 16:38:55,628 WARNING: Retryable error 403 for https://www.glamira.ae/glamira-pendant-nantale.html?alloy=yellow-750&diamond=ruby-cabochon&stone2=diamond-Brillant
2025-09-06 16:38:57,472 WARNING: Retryable error 403 for https://www.glamira.ca/glamira-pendant-nantale.html?alloy=red-585&diamond=ruby-cabochon&stone2=diamond-Swarovsky
2025-09-06 16:38:57,581 WARNING: Retryable error 403 for https://www.glamira.bg/glamira-pendant-nantale.html?alloy=white-silber&diamond=opal-cabochon&stone2=diamond-Swarovsky
2025-09-06 16:38:57,868 WARNING: Retryable error 403 for https://www.glamira.ca/glamira-pendant-nantale.html?alloy=yellow-585&diamond=garnet-cabochon&stone2=diamond-sapphire
2025-09-06 16:38:57,908 WARNING: Retryable error 403 for https://www.glamira.ch/fr/glamira-pendant-nantale.html?alloy=white-silber&diamond=sapphire-cabochon&stone2=diamond-sapphire
2025-09-06 16:38:58,239 INFO: Successed: https://www.glamira.ca/glamira-pendant-nantale.html?alloy=red-585&diamond=ruby-cabochon&stone2=diamond-Swarovsky
2025-09-06 16:38:59,545 WARNING: Retryable error 403 for https://www.glamira.cl/glamira-pendant-nantale.html?stone2=diamond-Swarovsky&alloy=red-585&diamond=ruby-cabochon&gclid=EAIaIQobChMI-sDS0a7a6AIVlwuRCh1P6AHpEAkYASABEgI6XPD_BwE
2025-09-06 16:38:59,681 WARNING: Retryable error 403 for https://www.glamira.co.uk/glamira-pendant-nantale.html?alloy=red-585&diamond=ruby-cabochon&stone2=diamond-sapphire
2025-09-06 16:39:00,150 WARNING: Retryable error 403 for https://www.glamira.co.uk/glamira-pendant-nantale.html?stone2=diamond-Swarovsky&alloy=yellow-585&diamond=rhodolite-cabochon
2025-09-06 16:39:00,248 WARNING: Retryable error 403 for https://www.glamira.co.uk/glamira-pendant-nantale.html?diamond=ruby-cabochon&alloy=white-platin
2025-09-06 16:39:00,391 WARNING: Retryable error 403 for https://www.glamira.com.mx/glamira-pendant-nantale.html?alloy=red-585&stone2=diamond-sapphire&diamond=ruby-cabochon
2025-09-06 16:39:01,025 INFO: Successed: https://www.glamira.ch/fr/glamira-pendant-nantale.html?alloy=white-silber&diamond=sapphire-cabochon&stone2=diamond-sapphire
2025-09-06 16:39:01,187 WARNING: Retryable error 403 for https://www.glamira.com.mx/glamira-pendant-nantale.html?alloy=yellow-585&diamond=sapphire-cabochon&stone2=diamond-Swarovsky&itm_source=recommendation&itm_medium=detail
2025-09-06 16:39:01,298 INFO: Successfully added to result: https://www.glamira.sk/glamira-pendant-nantale.html?diamond=opal-cabochon&stone2=diamond-sapphire&alloy=white-375
2025-09-06 16:39:01,780 WARNING: Retryable error 403 for https://www.glamira.de/glamira-pendant-nantale.html?alloy=white-750&stone2=diamond-Brillant&diamond=aquamarine-cabochon
2025-09-06 16:39:01,851 WARNING: Retryable error 403 for https://www.glamira.de/glamira-pendant-nantale.html?alloy=white-silber&diamond=emerald-cabochon&stone2=emerald
2025-09-06 16:39:02,257 WARNING: Retryable error 403 for https://www.glamira.de/glamira-pendant-nantale.html?alloy=white-silber&diamond=emerald-cabochon&stone2=emerald
2025-09-06 16:39:02,347 WARNING: Retryable error 403 for https://www.glamira.de/glamira-pendant-nantale.html?alloy=yellow-585&diamond=emerald-cabochon&stone2=diamond-sapphire
2025-09-06 16:39:03,167 INFO: Successed: https://www.glamira.cz/glamira-pendant-nantale.html?diamond=opal-cabochon&alloy=white-silber
2025-09-06 16:39:17,892 ERROR: Non-retryable error 404 for https://www.glamira.com.tr/glamira-pendant-nantale.html?alloy=white-silber&diamond=ruby-cabochon&stone2=diamond-sapphire
2025-09-07 00:20:51,661 WARNING: Retryable error 403 for https://www.glamira.be/fr/glamira-pendant-viktor.html?alloy=yellow-585
2025-09-07 00:20:51,667 WARNING: Retryable error 403 for https://www.glamira.be/fr/glamira-pendant-viktor.html?alloy=yellow-585
2025-09-07 00:20:52,522 WARNING: Retryable error 403 for https://www.glamira.be/fr/glamira-pendant-viktor.html?alloy=yellow-585
2025-09-07 00:20:52,790 WARNING: Retryable error 403 for https://test.glamira.de/glgb/glamira-earring-wynell.html?diamond=kunzite
2025-09-07 00:20:52,790 WARNING: Retryable error 403 for https://test.glamira.de/glgb/glamira-earring-wynell.html
2025-09-07 00:20:52,791 WARNING: Retryable error 403 for https://test.glamira.de/glgb/glamira-earring-wynell.html
2025-09-07 00:20:53,213 INFO: Successed: https://www.glamira.ae/glamira-pendant-viktor.html?alloy=white-platin
2025-09-07 00:20:53,978 WARNING: Retryable error 403 for https://www.glamira.be/glamira-pendant-viktor.html?alloy=white-platin
2025-09-07 00:20:54,017 WARNING: Retryable error 403 for https://www.glamira.ca/glamira-pendant-viktor.html?alloy=red-375&fbclid=IwAR23D0z44OgPB3oE1worufdAwSeSVPhveuHga5BR9oUqyxFbhrlQLqC138g
2025-09-07 00:20:54,433 WARNING: Retryable error 403 for https://www.glamira.ca/glamira-pendant-viktor.html?alloy=white-750
2025-09-07 00:20:55,217 WARNING: Retryable error 403 for https://www.glamira.ca/glamira-pendant-viktor.html?alloy=white-750
2025-09-07 00:20:55,268 WARNING: Retryable error 403 for https://www.glamira.ca/glamira-pendant-viktor.html?alloy=white-750
2025-09-07 00:20:55,354 INFO: Successed: https://www.glamira.be/fr/glamira-pendant-viktor.html?alloy=yellow-585
2025-09-07 00:20:55,630 WARNING: Retryable error 403 for https://www.glamira.ca/glamira-pendant-viktor.html?alloy=white-palladium
2025-09-07 00:20:56,187 INFO: Successed: https://www.glamira.ca/glamira-pendant-viktor.html?alloy=white-750
2025-09-07 00:20:56,496 WARNING: Retryable error 403 for https://www.glamira.ca/glamira-pendant-viktor.html?alloy=white-silber
2025-09-07 00:20:56,713 INFO: Successed: https://www.glamira.be/fr/glamira-pendant-viktor.html?alloy=yellow-585
2025-09-07 00:20:57,797 WARNING: Retryable error 403 for https://www.glamira.ca/glamira-pendant-viktor.html?alloy=yellow-750
2025-09-07 00:20:58,681 INFO: Successed: https://www.glamira.ca/glamira-pendant-viktor.html?alloy=yellow-585
2025-09-07 00:20:58,858 WARNING: Retryable error 403 for https://www.glamira.ca/glamira-pendant-viktor.html?alloy=yellow-750
2025-09-07 00:20:58,866 INFO: Successed: https://www.glamira.ca/glamira-pendant-viktor.html?alloy=yellow-585
2025-09-07 00:20:58,947 INFO: Successed: https://www.glamira.ca/glamira-pendant-viktor.html?alloy=white-platin
2025-09-07 00:20:59,028 INFO: Successed: https://www.glamira.ca/glamira-pendant-viktor.html?alloy=yellow-585
2025-09-07 00:20:59,356 INFO: Successed: https://www.glamira.ca/glamira-pendant-viktor.html?alloy=yellow-750
2025-09-07 00:20:59,797 WARNING: Retryable error 403 for https://www.glamira.ca/glamira-pendant-viktor.html?alloy=yellow-750
2025-09-07 00:21:00,195 WARNING: Retryable error 403 for https://www.glamira.cl/glamira-pendant-viktor.html?alloy=white-585
2025-09-07 00:21:00,198 WARNING: Retryable error 403 for https://www.glamira.cl/glamira-pendant-viktor.html?alloy=white-585
2025-09-07 00:21:01,023 INFO: Successed: https://www.glamira.ca/glamira-pendant-viktor.html?alloy=yellow-750
2025-09-07 00:21:01,104 WARNING: Retryable error 403 for https://www.glamira.cl/glamira-pendant-viktor.html?alloy=yellow-585&gclid=Cj0KCQjwzZj2BRDVARIsABs3l9Iy_7qY4PIB9XV3aEO4roMSDAfm8uF8wsiW5enJF1aswJgNN5r-NfwaAv3XEALw_wcB
2025-09-07 00:21:01,368 WARNING: Retryable error 403 for https://www.glamira.cl/glamira-pendant-viktor.html?alloy=yellow-585&gclid=CjwKCAjwtqj2BRBYEiwAqfzur0vLYHlF-hxLfvlH2Aa5sCAKc03vQFM5eo1KU_cxMrsmN5CCXvgoqBoCriAQAvD_BwE
2025-09-07 00:21:01,433 WARNING: Retryable error 403 for https://www.glamira.cl/glamira-pendant-viktor.html?alloy=yellow-585&gclid=CjwKCAjw7-P1BRA2EiwAXoPWAzwSAit9iRYK7OHMxJF2SHr9gqzQDKeYjrGEbdpHw96KSb13GL3sJBoCQJcQAvD_BwE
2025-09-07 00:21:01,921 INFO: Successed: https://www.glamira.ca/glamira-pendant-viktor.html?alloy=yellow-750
2025-09-07 00:21:02,099 WARNING: Retryable error 403 for https://www.glamira.cl/glamira-pendant-viktor.html?alloy=yellow-585&gclid=EAIaIQobChMI4c2XzdLT6QIVoQiICR2WOw5jEAQYAyABEgK8gfD_BwE
2025-09-07 00:21:02,199 WARNING: Retryable error 403 for https://www.glamira.cl/glamira-pendant-viktor.html?alloy=yellow-750
2025-09-07 00:21:02,505 WARNING: Retryable error 403 for https://www.glamira.cl/glamira-pendant-viktor.html?alloy=yellow-750
2025-09-07 00:21:03,082 WARNING: Retryable error 403 for https://www.glamira.cl/glamira-pendant-viktor.html?gclid=EAIaIQobChMI4c2XzdLT6QIVoQiICR2WOw5jEAQYAyABEgK8gfD_BwE&alloy=yellow-375
2025-09-07 00:21:03,248 WARNING: Retryable error 403 for https://www.glamira.co.uk/glamira-pendant-viktor.html?alloy=yellow-585
2025-09-07 00:21:03,261 WARNING: Retryable error 403 for https://www.glamira.co.uk/glamira-pendant-viktor.html?alloy=yellow-585
2025-09-07 00:21:03,388 INFO: Successed: https://www.glamira.cl/glamira-pendant-viktor.html?alloy=yellow-585
2025-09-07 00:21:03,550 WARNING: Retryable error 403 for https://www.glamira.co.uk/glamira-pendant-viktor.html?alloy=yellow-585
2025-09-07 00:21:04,206 WARNING: Retryable error 403 for https://www.glamira.com.mx/glamira-pendant-viktor.html?alloy=white-750
2025-09-07 00:21:04,466 WARNING: Retryable error 403 for https://www.glamira.com.pe/glamira-pendant-viktor.html?itm_source=recommendation&itm_medium=detail&alloy=yellow-750
2025-09-07 00:21:04,503 WARNING: Retryable error 403 for https://www.glamira.com.pe/glamira-pendant-viktor.html?alloy=white-silber
2025-09-07 00:21:04,508 INFO: Successed: https://www.glamira.cl/glamira-pendant-viktor.html?gclid=CjwKCAjwqdn1BRBREiwAEbZcRxmuQUGzXpJU1s8fXdPJr7QAFM2cgr8om1w65aHLk4PHbLT9j0PLGhoCDykQAvD_BwE&alloy=yellow-750
2025-09-07 00:21:04,927 WARNING: Retryable error 403 for https://www.glamira.cz/glamira-pendant-viktor.html?alloy=yellow-585
2025-09-07 00:21:05,015 INFO: Successfully added to result: https://www.glamira.vn/glamira-pendant-viktor.html?alloy=yellow-585
2025-09-07 00:21:05,483 WARNING: Retryable error 403 for https://www.glamira.cz/glamira-pendant-viktor.html?alloy=yellow-585
2025-09-07 00:21:05,756 WARNING: Retryable error 403 for https://www.glamira.de/glamira-pendant-viktor.html?alloy=white-585
2025-09-07 00:21:05,760 WARNING: Retryable error 403 for https://www.glamira.de/glamira-pendant-viktor.html?alloy=white-375
2025-09-07 00:21:05,763 WARNING: Retryable error 403 for https://www.glamira.de/glamira-pendant-viktor.html?alloy=white-585
2025-09-07 00:21:05,929 WARNING: Retryable error 403 for https://www.glamira.de/glamira-pendant-viktor.html?alloy=white-585
2025-09-07 00:21:06,409 ERROR: Non-retryable error 404 for https://www.glamira.com.tr/glamira-pendant-viktor.html?alloy=yellow-585
2025-09-07 00:21:07,956 WARNING: Retryable error 403 for https://www.glamira.ae/sense-muse-4-mm.html?alloy=white_red-375&gclid=EAIaIQobChMInaOS5ZH_6AIV0NHVCh060QyzEAEYASABEgKvsfD_BwE
2025-09-07 00:21:07,957 WARNING: Retryable error 403 for https://www.glamira.ae/sense-muse-4-mm.html?alloy=white_red-375&gclid=EAIaIQobChMInaOS5ZH_6AIV0NHVCh060QyzEAEYASABEgKvsfD_BwE
2025-09-07 00:21:07,957 WARNING: Retryable error 403 for https://www.glamira.ae/sense-muse-4-mm.html?alloy=white_red-375&gclid=EAIaIQobChMInaOS5ZH_6AIV0NHVCh060QyzEAEYASABEgKvsfD_BwE
2025-09-07 00:21:07,960 WARNING: Retryable error 403 for https://www.glamira.ae/sense-muse-4-mm.html?alloy=white_red-375&gclid=Cj0KCQjw1Iv0BRDaARIsAGTWD1s-uqNdhDV-BFzbUFwz5O6_GbLZ4zHKnvG9P4D2Hiyt60isQTg1Ts8aAnZqEALw_wcB
2025-09-07 00:21:07,960 WARNING: Retryable error 403 for https://www.glamira.ae/sense-muse-4-mm.html?alloy=white_red-375&gclid=EAIaIQobChMInaOS5ZH_6AIV0NHVCh060QyzEAEYASABEgKvsfD_BwE
2025-09-07 00:21:07,987 WARNING: Retryable error 403 for https://www.glamira.ae/sense-muse-4-mm.html?alloy=white_red-375&gclid=EAIaIQobChMInaOS5ZH_6AIV0NHVCh060QyzEAEYASABEgKvsfD_BwE
2025-09-07 00:21:09,402 WARNING: Retryable error 403 for https://www.glamira.ae/sense-muse-4-mm.html?alloy=white_red-375&gclid=EAIaIQobChMInaOS5ZH_6AIV0NHVCh060QyzEAEYASABEgKvsfD_BwE
2025-09-07 00:21:09,405 WARNING: Retryable error 403 for https://www.glamira.ae/sense-muse-4-mm.html?alloy=white_red-375&gclid=EAIaIQobChMInaOS5ZH_6AIV0NHVCh060QyzEAEYASABEgKvsfD_BwE
2025-09-07 00:21:09,420 WARNING: Retryable error 403 for https://www.glamira.at/sense-muse-4-mm.html?alloy=white_red-375&gclid=EAIaIQobChMI3rv72uqI6QIVkUMYCh2teQMSEAsYASABEgLB-_D_BwE
2025-09-07 00:21:09,439 WARNING: Retryable error 403 for https://www.glamira.at/sense-muse-4-mm.html?alloy=white-585
2025-09-07 00:21:09,439 WARNING: Retryable error 403 for https://www.glamira.at/sense-muse-4-mm.html?alloy=white_red-375&gclid=EAIaIQobChMI3rv72uqI6QIVkUMYCh2teQMSEAsYASABEgLB-_D_BwE
2025-09-07 00:21:10,647 WARNING: Retryable error 403 for https://www.glamira.at/sense-muse-4-mm.html?alloy=white_red-375&stone=diamond-Zirconia&itm_source=recommendation&itm_medium=sorting
2025-09-07 00:21:10,664 WARNING: Retryable error 403 for https://www.glamira.at/sense-muse-4-mm.html?alloy=white_red-375&stone=diamond-Zirconia&itm_source=recommendation&itm_medium=sorting
2025-09-07 00:21:10,689 WARNING: Retryable error 403 for https://www.glamira.at/sense-muse-4-mm.html?alloy=white_red-375&stone=diamond-Zirconia&itm_source=recommendation&itm_medium=sorting
2025-09-07 00:21:10,710 WARNING: Retryable error 403 for https://www.glamira.at/sense-muse-4-mm.html?stone=diamond-Zirconia&itm_source=recommendation&itm_medium=sorting&alloy=white_red-375
2025-09-07 00:21:10,719 WARNING: Retryable error 403 for https://www.glamira.at/sense-muse-4-mm.html?alloy=white_red-375&stone=diamond-Zirconia&itm_source=recommendation&itm_medium=sorting
2025-09-07 00:21:10,760 INFO: Successed: https://www.glamira.ae/sense-muse-4-mm.html?alloy=white_red-375&stone=diamond-Zirconia
2025-09-07 00:21:12,112 WARNING: Retryable error 403 for https://www.glamira.be/sense-muse-4-mm.html?gclid=Cj0KCQjw-Mr0BRDyARIsAKEFbedFLvGtjmPj0lDgw6Huoy6ecBB5AJuNHmSqeDfz003kd-IG8XXyhncaAhe2EALw_wcB&alloy=white_red-375
2025-09-07 00:21:12,136 WARNING: Retryable error 403 for https://www.glamira.ca/fr/sense-muse-4-mm.html?alloy=white_red-375
2025-09-07 00:21:12,141 WARNING: Retryable error 403 for https://www.glamira.be/fr/sense-muse-4-mm.html?alloy=white_red-375&gclid=EAIaIQobChMInoj2mNXM6AIVzLTtCh06VgukEAYYAyABEgLXy_D_BwE
2025-09-07 00:21:12,157 WARNING: Retryable error 403 for https://www.glamira.ca/fr/sense-muse-4-mm.html?alloy=white_red-375&gclid=Cj0KCQjwmpb0BRCBARIsAG7y4zbLDyQag5MI7X7cELP2IllwZuDLa9vkKDKsJ1YA9hL4ndajJoDhvN0aAibrEALw_wcB
2025-09-07 00:21:12,172 WARNING: Retryable error 403 for https://www.glamira.ca/fr/sense-muse-4-mm.html?alloy=white_red-375
2025-09-07 00:21:12,222 WARNING: Retryable error 403 for https://www.glamira.ca/fr/sense-muse-4-mm.html?alloy=white_red-375&gclid=Cj0KCQjwmpb0BRCBARIsAG7y4zbLDyQag5MI7X7cELP2IllwZuDLa9vkKDKsJ1YA9hL4ndajJoDhvN0aAibrEALw_wcB
2025-09-07 00:21:13,573 WARNING: Retryable error 403 for https://www.glamira.ca/fr/sense-muse-4-mm.html?alloy=white_red-375&gclid=Cj0KCQjwmpb0BRCBARIsAG7y4zbLDyQag5MI7X7cELP2IllwZuDLa9vkKDKsJ1YA9hL4ndajJoDhvN0aAibrEALw_wcB
2025-09-07 00:21:13,639 WARNING: Retryable error 403 for https://www.glamira.ca/sense-muse-4-mm.html?alloy=white_red-375&stone=diamond-Zirconia&itm_source=recommendation&itm_medium=sorting
2025-09-07 00:21:13,667 WARNING: Retryable error 403 for https://www.glamira.co.uk/sense-muse-4-mm.html?campaignid=1492025010&gclid=CjwKCAjwpqv0BRABEiwA-TySwd2UoKw_LziOywnNrRF4ymyDYfGgxKKphM89oehe7UAndstwWE84sxoCILQQAvD_BwE&alloy=yellow-375
2025-09-07 00:21:13,677 WARNING: Retryable error 403 for https://www.glamira.ch/fr/sense-muse-4-mm.html?alloy=white_red-375
2025-09-07 00:21:13,677 WARNING: Retryable error 403 for https://www.glamira.ch/sense-muse-4-mm.html?alloy=white-585&stone=diamond-Zirconia&itm_source=recommendation&itm_medium=sorting
2025-09-07 00:21:13,714 WARNING: Retryable error 403 for https://www.glamira.co.za/sense-muse-4-mm.html?alloy=white_red-375&gclid=EAIaIQobChMIvKe4tKrt6AIVh63tCh0-lwzXEAQYASABEgJQkPD_BwE
2025-09-07 00:21:15,139 WARNING: Retryable error 403 for https://www.glamira.com.au/sense-muse-4-mm.html?alloy=white_red-375&gclid=CjwKCAjw1cX0BRBmEiwAy9tKHkMBItZXVADxVuHgU94j2w7ZZcWk3lQYPa5HfUTLnYm28PtcXmhy8xoCWiwQAvD_BwE
2025-09-07 00:21:15,188 WARNING: Retryable error 403 for https://www.glamira.com.ph/sense-muse-4-mm.html?alloy=white_red-375&gclid=CjwKCAjw7e_0BRB7EiwAlH-goOzeT809yB56s5RMqlqr18kBuP-pAtPWQAAWqXD3fKJWyhWQHhgqgxoCjSYQAvD_BwE
2025-09-07 00:21:15,189 WARNING: Retryable error 403 for https://www.glamira.com.ph/sense-muse-4-mm.html?alloy=white_red-375&gclid=CjwKCAjw1cX0BRBmEiwAy9tKHhvBa7sF0j8tgcRFOR7bYjou1EwSwSBjKRFki5Q37VguNED6tfgR-RoCOtcQAvD_BwE
2025-09-07 00:21:15,191 WARNING: Retryable error 403 for https://www.glamira.com.ph/sense-muse-4-mm.html?alloy=white_red-375&gclid=CjwKCAjwkPX0BRBKEiwA7THxiIci5rosrG-N4cs3ySBvX3OC0IcEA-Ok2q6N6MfSW1W4tM8gVo_SDxoC5-oQAvD_BwE
2025-09-07 00:21:15,202 WARNING: Retryable error 403 for https://www.glamira.com.ph/sense-muse-4-mm.html?alloy=white_red-375&gclid=CjwKCAjw7e_0BRB7EiwAlH-goOzeT809yB56s5RMqlqr18kBuP-pAtPWQAAWqXD3fKJWyhWQHhgqgxoCjSYQAvD_BwE
2025-09-07 00:21:15,206 WARNING: Retryable error 403 for https://www.glamira.com.ph/sense-muse-4-mm.html?alloy=white_red-375&gclid=Cj0KCQjwka_1BRCPARIsAMlUmErPYDxH27ARk9xbXoVd04lokuQWVA8YgOHtyTxZtkHuJ2hF2cWX2JsaAjjoEALw_wcB
2025-09-07 00:21:16,615 WARNING: Retryable error 403 for https://www.glamira.com.ph/sense-muse-4-mm.html?alloy=white_red-375&gclid=CjwKCAjwkPX0BRBKEiwA7THxiIci5rosrG-N4cs3ySBvX3OC0IcEA-Ok2q6N6MfSW1W4tM8gVo_SDxoC5-oQAvD_BwE
2025-09-07 00:21:16,683 WARNING: Retryable error 403 for https://www.glamira.com.ph/sense-muse-4-mm.html?alloy=white_red-375&gclid=CjwKCAjwkPX0BRBKEiwA7THxiIci5rosrG-N4cs3ySBvX3OC0IcEA-Ok2q6N6MfSW1W4tM8gVo_SDxoC5-oQAvD_BwE
2025-09-07 00:21:16,689 WARNING: Retryable error 403 for https://www.glamira.com.ph/sense-muse-4-mm.html?alloy=white_red-375&gclid=CjwKCAjwvtX0BRAFEiwAGWJyZOC25_F1mwO2Huq7VxxjOaqQ8N0VE7kf86axvwFz3Age9yel39OybxoCe3UQAvD_BwE
2025-09-07 00:21:16,694 WARNING: Retryable error 403 for https://www.glamira.com.ph/sense-muse-4-mm.html?alloy=white_red-375&gclid=CjwKCAjwvtX0BRAFEiwAGWJyZOC25_F1mwO2Huq7VxxjOaqQ8N0VE7kf86axvwFz3Age9yel39OybxoCe3UQAvD_BwE
2025-09-07 00:21:16,698 WARNING: Retryable error 403 for https://www.glamira.com.ph/sense-muse-4-mm.html?alloy=white_red-375&gclid=EAIaIQobChMIi6Wf36aa6QIVjWkqCh13eQwDEAQYASABEgJPiPD_BwE
2025-09-07 00:21:16,718 WARNING: Retryable error 403 for https://www.glamira.com.ph/sense-muse-4-mm.html?alloy=white_red-375&gclid=CjwKCAjwvtX0BRAFEiwAGWJyZOC25_F1mwO2Huq7VxxjOaqQ8N0VE7kf86axvwFz3Age9yel39OybxoCe3UQAvD_BwE
2025-09-07 00:21:19,926 ERROR: Non-retryable error 404 for https://www.glamira.com.tr/sense-muse-4-mm.html?alloy=white_red-375&gclid=Cj0KCQjw4dr0BRCxARIsAKUNjWQuLqEqJhoGj_grvsXty62eejsJBFlACmhjd3qEQIMOCmChlXA9sCoaAk7_EALw_wcB
2025-09-07 00:21:20,246 ERROR: Non-retryable error 404 for https://www.glamira.com.tr/sense-muse-4-mm.html?alloy=white_red-375&gclid=Cj0KCQjw4dr0BRCxARIsAKUNjWQuLqEqJhoGj_grvsXty62eejsJBFlACmhjd3qEQIMOCmChlXA9sCoaAk7_EALw_wcB
2025-09-07 00:21:20,541 ERROR: Non-retryable error 404 for https://www.glamira.com.tr/sense-muse-4-mm.html?alloy=white_red-375&gclid=Cj0KCQjw4dr0BRCxARIsAKUNjWQuLqEqJhoGj_grvsXty62eejsJBFlACmhjd3qEQIMOCmChlXA9sCoaAk7_EALw_wcB
2025-09-07 00:21:20,647 ERROR: Non-retryable error 404 for https://www.glamira.com.tr/sense-muse-4-mm.html?gclid=EAIaIQobChMIuqHJ0NmG6QIVhKoYCh1pSwjhEAkYCiABEgJh6_D_BwE&alloy=red-375&stone=diamond-Zirconia
2025-09-07 00:21:20,946 ERROR: Non-retryable error 404 for https://www.glamira.com.tr/sense-muse-4-mm.html?alloy=white_red-375&gclid=CjwKCAjwg6b0BRBMEiwANd1_SEkO9a2oMGjR0r1NABXBzgmg2G6lAccjgBTk-Hx0NACBxI38aXVRRxoCoOAQAvD_BwE
2025-09-07 00:21:21,106 ERROR: Non-retryable error 404 for https://www.glamira.com.tr/sense-muse-4-mm.html?gclid=EAIaIQobChMIuqHJ0NmG6QIVhKoYCh1pSwjhEAkYCiABEgJh6_D_BwE&alloy=red-375&stone=diamond-Zirconia
2025-09-07 00:21:21,436 ERROR: Non-retryable error 404 for https://www.glamira.com.tr/sense-muse-4-mm.html?alloy=white_red-375&gclid=Cj0KCQjwj7v0BRDOARIsAGh37irvwO-cVvhpUR7X7PAz9-jB-iltgGg2Hj-xMbMUoup74cnliEhYjYoaAtQwEALw_wcB
2025-09-07 00:21:21,583 WARNING: Retryable error 403 for https://www.glamira.de/sense-muse-4-mm.html?alloy=white_red-375&gclid=CjwKCAjwv4_1BRAhEiwAtMDLspSZjz-i0ECCsQCY6GdD1TG0fz6WCSQtJscTXMscaPHOXKaPZ39MzBoCSyIQAvD_BwE
2025-09-07 00:21:22,004 WARNING: Retryable error 403 for https://www.glamira.de/sense-muse-4-mm.html?alloy=white_red-375&gclid=EAIaIQobChMI-pqwireI6QIVR0HTCh2P2AlYEAQYAiABEgIPRPD_BwE
2025-09-07 00:21:22,126 ERROR: Non-retryable error 404 for https://www.glamira.com.tr/sense-muse-4-mm.html?alloy=white_red-375&gclid=CjwKCAjwg6b0BRBMEiwANd1_SEkO9a2oMGjR0r1NABXBzgmg2G6lAccjgBTk-Hx0NACBxI38aXVRRxoCoOAQAvD_BwE
2025-09-07 00:21:22,180 WARNING: Retryable error 403 for https://www.glamira.de/sense-muse-4-mm.html?alloy=white_red-375&gclid=EAIaIQobChMI7rSM_J2M6QIVh-N3Ch1hiwjPEAQYASABEgKRkvD_BwE
2025-09-07 00:21:22,563 WARNING: Retryable error 403 for https://www.glamira.de/sense-muse-4-mm.html?alloy=white_red-375&gclid=EAIaIQobChMI992ttfb46AIVNoBQBh1bqQo2EAYYAiABEgLxz_D_BwE
2025-09-07 00:21:22,635 INFO: Successed: https://www.glamira.de/
2025-09-07 00:21:22,653 WARNING: Retryable error 403 for https://www.glamira.de/sense-muse-4-mm.html?gclid=Cj0KCQjwy6T1BRDXARIsAIqCTXqDI02e6yxxL4p3Gzxo5DnYMSGuaZ_01X2mwjt1PBmdyiLKH68Ibt4aAs5nEALw_wcB&stone=none&alloy=white_red-375
2025-09-07 00:21:22,699 WARNING: Retryable error 403 for https://www.glamira.de/sense-muse-4-mm.html?alloy=white_red-375&gclid=EAIaIQobChMI992ttfb46AIVNoBQBh1bqQo2EAYYAiABEgLxz_D_BwE
2025-09-07 00:21:23,442 WARNING: Retryable error 403 for https://www.glamira.de/sense-muse-4-mm.html?alloy=white_red-375&gclid=EAIaIQobChMIvoOK2LXK6AIViKztCh3ZVQ5REAYYASABEgIF6fD_BwE
2025-09-07 00:21:23,822 INFO: Successed: https://www.glamira.de/sense-muse-4-mm.html?alloy=white_red-375&gclid=EAIaIQobChMI992ttfb46AIVNoBQBh1bqQo2EAYYAiABEgLxz_D_BwE
2025-09-07 00:21:23,845 WARNING: Retryable error 403 for https://www.glamira.de/sense-muse-4-mm.html?alloy=white_red-375&stone=diamond-Zirconia&itm_source=recommendation&itm_medium=sorting
2025-09-07 00:21:23,874 INFO: Successed: https://www.glamira.de/sense-muse-4-mm.html?alloy=white_red-375&stone=diamond-Zirconia
2025-09-07 00:21:23,885 WARNING: Retryable error 403 for https://www.glamira.de/sense-muse-4-mm.html?gclid=Cj0KCQjwy6T1BRDXARIsAIqCTXqDI02e6yxxL4p3Gzxo5DnYMSGuaZ_01X2mwjt1PBmdyiLKH68Ibt4aAs5nEALw_wcB&stone=none&alloy=white_red-375
2025-09-07 00:21:24,241 INFO: Successed: https://www.glamira.de/sense-muse-4-mm.html?gclid=Cj0KCQjwy6T1BRDXARIsAIqCTXqDI02e6yxxL4p3Gzxo5DnYMSGuaZ_01X2mwjt1PBmdyiLKH68Ibt4aAs5nEALw_wcB&stone=none&alloy=white_red-375
2025-09-07 00:21:24,261 INFO: Successed: https://www.glamira.de/sense-muse-4-mm.html?gclid=Cj0KCQjwy6T1BRDXARIsAIqCTXqDI02e6yxxL4p3Gzxo5DnYMSGuaZ_01X2mwjt1PBmdyiLKH68Ibt4aAs5nEALw_wcB&stone=none&alloy=white_red-375
2025-09-07 00:21:24,476 WARNING: Retryable error 403 for https://www.glamira.de/sense-muse-4-mm.html?gclid=Cj0KCQjwy6T1BRDXARIsAIqCTXqDI02e6yxxL4p3Gzxo5DnYMSGuaZ_01X2mwjt1PBmdyiLKH68Ibt4aAs5nEALw_wcB&stone=none&alloy=white_red-375
2025-09-07 00:21:25,273 INFO: Successed: https://www.glamira.de/sense-muse-4-mm.html?gclid=Cj0KCQjwy6T1BRDXARIsAIqCTXqDI02e6yxxL4p3Gzxo5DnYMSGuaZ_01X2mwjt1PBmdyiLKH68Ibt4aAs5nEALw_wcB&stone=none&alloy=white_red-375
2025-09-07 00:21:25,287 INFO: Successed: https://www.glamira.de/sense-muse-4-mm.html?gclid=Cj0KCQjwy6T1BRDXARIsAIqCTXqDI02e6yxxL4p3Gzxo5DnYMSGuaZ_01X2mwjt1PBmdyiLKH68Ibt4aAs5nEALw_wcB&stone=none&alloy=white_red-375
2025-09-07 00:21:25,354 INFO: Successed: https://www.glamira.de/sense-muse-4-mm.html?gclid=Cj0KCQjwy6T1BRDXARIsAIqCTXqDI02e6yxxL4p3Gzxo5DnYMSGuaZ_01X2mwjt1PBmdyiLKH68Ibt4aAs5nEALw_wcB&stone=none&alloy=white_red-375
2025-09-07 00:21:25,415 WARNING: Retryable error 403 for https://www.glamira.es/sense-muse-4-mm.html?alloy=white_red-375
2025-09-07 00:21:25,622 WARNING: Retryable error 403 for https://www.glamira.es/sense-muse-4-mm.html?alloy=white_red-375&gclid=Cj0KCQjw0pfzBRCOARIsANi0g0t9G-McTSaYLz6BtiP3bYDLtJKsr_ou-nwdcF9OquSxjkURYczR5G4aAlNoEALw_wcB
2025-09-07 00:21:26,399 INFO: Successed: https://www.glamira.es/sense-muse-4-mm.html?alloy=white_red-375&gclid=Cj0KCQjw0pfzBRCOARIsANi0g0t9G-McTSaYLz6BtiP3bYDLtJKsr_ou-nwdcF9OquSxjkURYczR5G4aAlNoEALw_wcB
2025-09-07 00:21:26,469 WARNING: Retryable error 403 for https://www.glamira.es/sense-muse-4-mm.html?alloy=white_red-375&gclid=Cj0KCQjw17n1BRDEARIsAFDHFezM0cQ7ajagsF3oleSdafYSYB5b3i7O0XDVMzUeRNBWq6PzZF-aHDIaAmMYEALw_wcB
2025-09-07 00:21:26,535 WARNING: Retryable error 403 for https://www.glamira.es/sense-muse-4-mm.html?alloy=white_red-375&gclid=Cj0KCQjw17n1BRDEARIsAFDHFezM0cQ7ajagsF3oleSdafYSYB5b3i7O0XDVMzUeRNBWq6PzZF-aHDIaAmMYEALw_wcB
2025-09-07 00:21:26,623 WARNING: Retryable error 403 for https://www.glamira.es/sense-muse-4-mm.html?alloy=white_red-375&gclid=Cj0KCQjw17n1BRDEARIsAFDHFezM0cQ7ajagsF3oleSdafYSYB5b3i7O0XDVMzUeRNBWq6PzZF-aHDIaAmMYEALw_wcB
2025-09-07 00:21:26,915 WARNING: Retryable error 403 for https://www.glamira.es/sense-muse-4-mm.html?alloy=white_red-375&gclid=Cj0KCQjwtLT1BRD9ARIsAMH3BtWAHnCiPvbfQTIeFMl-4ko4nRRILG3QNdZKahPXhSumXmtpAKQkdtwaAlXdEALw_wcB&stone=diamond-Zirconia
2025-09-07 00:21:27,320 INFO: Successed: https://www.glamira.es/sense-muse-4-mm.html?alloy=white_red-375&gclid=Cj0KCQjwtLT1BRD9ARIsAMH3BtWAHnCiPvbfQTIeFMl-4ko4nRRILG3QNdZKahPXhSumXmtpAKQkdtwaAlXdEALw_wcB&stone=diamond-Zirconia
2025-09-07 00:21:27,835 WARNING: Retryable error 403 for https://www.glamira.fr/sense-muse-4-mm.html?alloy=white_red-375&stone=diamond-Zirconia&itm_source=recommendation&itm_medium=sorting
2025-09-07 00:21:27,835 WARNING: Retryable error 403 for https://www.glamira.fr/sense-muse-4-mm.html?alloy=white_red-375&gclid=Cj0KCQjwm9D0BRCMARIsAIfvfIaEgp022kd7B80IE-ZnP9Uj9x5iiWK8m5SyErilAZNyPsiO9sXWLtQaAirOEALw_wcB
2025-09-07 00:21:27,871 WARNING: Retryable error 403 for https://www.glamira.fr/sense-muse-4-mm.html?alloy=white_red-375?stone=diamond-brillant
2025-09-07 00:21:27,921 WARNING: Retryable error 403 for https://www.glamira.fr/sense-muse-4-mm.html?gclid=CjwKCAjw4pT1BRBUEiwAm5QuR4jEbyz7b-YIOXnsTzNbBQm92bfj_DSz2jGQWhz-hB-j-ubn5j0MZRoCrY4QAvD_BwE&alloy=white_yellow-375&stone=diamond-Zirconia
2025-09-07 00:21:28,210 WARNING: Retryable error 403 for https://www.glamira.fr/sense-muse-4-mm.html?gclid=CjwKCAjw4pT1BRBUEiwAm5QuR4jEbyz7b-YIOXnsTzNbBQm92bfj_DSz2jGQWhz-hB-j-ubn5j0MZRoCrY4QAvD_BwE&alloy=white_yellow-375&stone=diamond-Zirconia
2025-09-07 00:21:28,619 WARNING: Retryable error 403 for https://www.glamira.fr/sense-muse-4-mm.html?gclid=CjwKCAjw4pT1BRBUEiwAm5QuR4jEbyz7b-YIOXnsTzNbBQm92bfj_DSz2jGQWhz-hB-j-ubn5j0MZRoCrY4QAvD_BwE&alloy=white_yellow-375&stone=diamond-Zirconia
2025-09-07 00:21:29,254 WARNING: Retryable error 403 for https://www.glamira.fr/sense-muse-4-mm.html?gclid=CjwKCAjwpqv0BRABEiwA-TySwSbdHaZSXhuahmMsnYGj6ou5axPRROWBxct8Lln7UVvr0ucKnuW8rxoC_eMQAvD_BwE&stone=diamond-Brillant&alloy=white-585
2025-09-07 00:21:29,359 WARNING: Retryable error 403 for https://www.glamira.nl/sense-muse-4-mm.html?stone=diamond-Brillant&alloy=yellow_white-375
2025-09-07 00:21:29,396 WARNING: Retryable error 403 for https://www.glamira.pt/sense-muse-4-mm.html?alloy=white_red-375&gclid=EAIaIQobChMIlo_BzaTM6AIVSNreCh0pEAcPEAQYBCABEgKJx_D_BwE
2025-09-07 00:21:29,638 WARNING: Retryable error 403 for https://www.glamira.se/sense-muse-4-mm.html?alloy=white_red-375&gclid=EAIaIQobChMI6ur639Lt6AIVAomyCh0vaA54EAQYAiABEgJnfvD_BwE
2025-09-07 00:21:30,020 WARNING: Retryable error 403 for https://www.glamira.se/sense-muse-4-mm.html?alloy=white_red-375&gclid=EAIaIQobChMI6ur639Lt6AIVAomyCh0vaA54EAQYAiABEgJnfvD_BwE
2025-09-07 00:21:30,648 WARNING: Retryable error 403 for https://www.glamira.se/sense-muse-4-mm.html?alloy=white_red-375&gclid=EAIaIQobChMI6ur639Lt6AIVAomyCh0vaA54EAQYAiABEgJnfvD_BwE
2025-09-07 00:21:30,652 WARNING: Retryable error 403 for https://www.glamira.se/sense-muse-4-mm.html?alloy=white_red-375&gclid=EAIaIQobChMI6ur639Lt6AIVAomyCh0vaA54EAQYAiABEgJnfvD_BwE
2025-09-07 00:21:30,705 WARNING: Retryable error 403 for https://www.glamira.se/sense-muse-4-mm.html?alloy=white_red-375&gclid=EAIaIQobChMI6ur639Lt6AIVAomyCh0vaA54EAQYAiABEgJnfvD_BwE
2025-09-07 00:21:30,755 INFO: Successfully added to result: https://www.glamira.se/sense-muse-4-mm.html?alloy=white_yellow-375&stone=diamond-Zirconia
2025-09-07 00:21:30,936 WARNING: Retryable error 403 for https://www.glamira.se/sense-muse-4-mm.html?alloy=white_red-375&gclid=EAIaIQobChMIo_LzyaTs6AIVyOeaCh2ExAbzEAQYCCABEgJwovD_BwE
2025-09-07 00:21:31,242 WARNING: Retryable error 403 for https://www.glamira.se/sense-muse-4-mm.html?alloy=white_yellow-375&stone=diamond-Zirconia
2025-09-07 00:21:31,678 WARNING: Retryable error 403 for https://www.glamira.se/sense-muse-4-mm.html?alloy=white_yellow-375&stone=diamond-Zirconia
2025-09-07 00:21:31,720 WARNING: Retryable error 403 for https://www.glamira.ae/sense-muse-4-mm.html?alloy=white_red-375&gclid=EAIaIQobChMInaOS5ZH_6AIV0NHVCh060QyzEAEYASABEgKvsfD_BwE
2025-09-07 00:21:31,720 WARNING: Retryable error 403 for https://www.glamira.ae/sense-muse-4-mm.html?alloy=white_red-375&gclid=EAIaIQobChMInaOS5ZH_6AIV0NHVCh060QyzEAEYASABEgKvsfD_BwE
2025-09-07 00:21:31,826 INFO: Successed: https://www.glamira.se/sense-muse-4-mm.html?alloy=white_red-375&gclid=Cj0KCQjwmpb0BRCBARIsAG7y4zb_iPMqxbZJfu313RhNsCt-Yb-alFSB9e-PpKk5BYPrUqtmaSfZLjAaAsYGEALw_wcB
2025-09-07 00:21:33,488 WARNING: Retryable error 403 for https://www.glamira.be/fr/glamira-pendant-nantale.html?alloy=yellow-750&diamond=topaz-lemon-cabochon&stone2=diamond-Swarovsky&itm_source=recommendation&itm_medium=detail
2025-09-07 00:21:33,496 WARNING: Retryable error 403 for https://www.glamira.be/fr/glamira-pendant-nantale.html?itm_source=recommendation&itm_medium=smartsearch&diamond=opal-cabochon&stone2=diamond-Brillant&alloy=white-585
2025-09-07 00:21:33,618 WARNING: Retryable error 403 for https://www.glamira.ae/glamira-pendant-nantale.html?alloy=yellow-750&diamond=ruby-cabochon&stone2=diamond-Brillant
2025-09-07 00:21:33,624 WARNING: Retryable error 403 for https://www.glamira.ae/glamira-pendant-nantale.html?alloy=yellow-750&diamond=ruby-cabochon&stone2=diamond-Swarovsky
2025-09-07 00:21:33,624 WARNING: Retryable error 403 for https://www.glamira.at/checkout/cart/configure/id/2243494/
2025-09-07 00:21:35,107 WARNING: Retryable error 403 for https://www.glamira.ch/fr/glamira-pendant-nantale.html?alloy=white-silber&diamond=sapphire-cabochon&stone2=diamond-sapphire
2025-09-07 00:21:35,285 WARNING: Retryable error 403 for https://www.glamira.ca/glamira-pendant-nantale.html?alloy=red-585&diamond=ruby-cabochon&stone2=diamond-Swarovsky
2025-09-07 00:21:35,810 INFO: Successed: https://www.glamira.ca/glamira-pendant-nantale.html?alloy=red-585&diamond=ruby-cabochon&stone2=diamond-Swarovsky
2025-09-07 00:21:36,263 WARNING: Retryable error 403 for https://www.glamira.cl/glamira-pendant-nantale.html?stone2=diamond-Swarovsky&alloy=red-585&diamond=ruby-cabochon&gclid=EAIaIQobChMI-sDS0a7a6AIVlwuRCh1P6AHpEAkYASABEgI6XPD_BwE
2025-09-07 00:21:36,528 INFO: Successed: https://www.glamira.ca/glamira-pendant-nantale.html?alloy=yellow-585&diamond=garnet-cabochon&stone2=diamond-sapphire
2025-09-07 00:21:36,740 WARNING: Retryable error 403 for https://www.glamira.co.uk/glamira-pendant-nantale.html?alloy=red-585&diamond=ruby-cabochon&stone2=diamond-sapphire
2025-09-07 00:21:37,213 WARNING: Retryable error 403 for https://www.glamira.co.uk/glamira-pendant-nantale.html?diamond=ruby-cabochon&alloy=white-platin
2025-09-07 00:21:37,546 INFO: Successed: https://www.glamira.at/checkout/cart/configure/id/2243494/
2025-09-07 00:21:37,626 WARNING: Retryable error 403 for https://www.glamira.co.uk/glamira-pendant-nantale.html?stone2=diamond-Swarovsky&alloy=yellow-585&diamond=rhodolite-cabochon
2025-09-07 00:21:37,763 INFO: Successed: https://www.glamira.bg/glamira-pendant-nantale.html?alloy=white-silber&diamond=opal-cabochon&stone2=diamond-Swarovsky
2025-09-07 00:21:37,799 WARNING: Retryable error 403 for https://www.glamira.com.mx/glamira-pendant-nantale.html?alloy=red-585&stone2=diamond-sapphire&diamond=ruby-cabochon
2025-09-07 00:21:37,906 INFO: Successed: https://www.glamira.ch/fr/glamira-pendant-nantale.html?alloy=white-silber&diamond=sapphire-cabochon&stone2=diamond-sapphire
2025-09-07 00:21:38,332 WARNING: Retryable error 403 for https://www.glamira.com.mx/glamira-pendant-nantale.html?alloy=yellow-585&diamond=sapphire-cabochon&stone2=diamond-Swarovsky&itm_source=recommendation&itm_medium=detail
2025-09-07 00:21:38,999 WARNING: Retryable error 403 for https://www.glamira.cz/glamira-pendant-nantale.html?diamond=opal-cabochon&alloy=white-silber
2025-09-07 00:21:39,154 WARNING: Retryable error 403 for https://www.glamira.de/glamira-pendant-nantale.html?alloy=white-750&stone2=diamond-Brillant&diamond=aquamarine-cabochon
2025-09-07 00:21:39,162 WARNING: Retryable error 403 for https://www.glamira.de/glamira-pendant-nantale.html?alloy=white-silber&diamond=emerald-cabochon&stone2=emerald
2025-09-07 00:21:39,284 WARNING: Retryable error 403 for https://www.glamira.de/glamira-pendant-nantale.html?alloy=white-silber&diamond=emerald-cabochon&stone2=emerald
2025-09-07 00:21:39,648 WARNING: Retryable error 403 for https://www.glamira.de/glamira-pendant-nantale.html?alloy=yellow-585&diamond=emerald-cabochon&stone2=diamond-sapphire
2025-09-07 00:21:40,254 WARNING: Retryable error 403 for https://www.glamira.de/glamira-pendant-nantale.html?alloy=yellow-585&diamond=emerald-cabochon&stone2=diamond-sapphire
2025-09-07 00:21:40,382 WARNING: Retryable error 403 for https://www.glamira.de/glamira-pendant-nantale.html?alloy=yellow-750&stone2=pinkdiamond&diamond=londonbluetopaz-cabochon
2025-09-07 00:21:40,394 WARNING: Retryable error 403 for https://www.glamira.de/glamira-pendant-nantale.html?alloy=yellow-585&diamond=emerald-cabochon&stone2=diamond-sapphire
2025-09-07 00:21:40,484 WARNING: Retryable error 403 for https://www.glamira.de/glamira-pendant-nantale.html?alloy=yellow-750&stone2=sapphire&diamond=londonbluetopaz-cabochon
2025-09-07 00:21:40,562 ERROR: Non-retryable error 404 for https://www.glamira.com.tr/glamira-pendant-nantale.html?alloy=white-silber&diamond=ruby-cabochon&stone2=diamond-sapphire
2025-09-07 00:21:40,865 WARNING: Retryable error 403 for https://www.glamira.de/glamira-pendant-nantale.html?alloy=yellow-750&stone2=sapphire&diamond=londonbluetopaz-cabochon
2025-09-07 00:21:41,550 WARNING: Retryable error 403 for https://www.glamira.de/glamira-pendant-nantale.html?stone2=diamond-sapphire&diamond=opal-cabochon&alloy=red-585
2025-09-07 00:21:41,854 WARNING: Retryable error 403 for https://www.glamira.es/glamira-pendant-nantale.html?alloy=white-750&diamond=citrine-cabochon&itm_source=recommendation&itm_medium=detail&stone2=yellow-sapphire
2025-09-07 00:21:42,612 WARNING: Retryable error 403 for https://www.glamira.fr/checkout/cart/configure/id/2143366/?diamond=sapphire-cabochon&stone2=diamond-Brillant&alloy=white-750
2025-09-07 00:21:42,833 WARNING: Retryable error 403 for https://www.glamira.fr/glamira-pendant-nantale.html?alloy=red-585&diamond=ruby-cabochon&stone2=diamond-Swarovsky
2025-09-07 00:21:43,549 WARNING: Retryable error 403 for https://www.glamira.fr/glamira-pendant-nantale.html?alloy=red-585&stone2=sapphire&diamond=emerald-cabochon
2025-09-07 00:21:43,557 INFO: Successed: https://www.glamira.ee/glamira-pendant-nantale.html?alloy=red-585&diamond=sapphire-cabochon&stone2=diamond-Brillant
2025-09-07 00:21:43,819 WARNING: Retryable error 403 for https://www.glamira.fr/glamira-pendant-nantale.html?alloy=white-silber&diamond=londonbluetopaz-cabochon&stone2=diamond-sapphire
2025-09-07 00:21:44,977 WARNING: Retryable error 403 for https://www.glamira.fr/glamira-pendant-nantale.html?alloy=yellow-585&diamond=peridot-cabochon&stone2=diamond-sapphire
2025-09-07 00:21:45,827 INFO: Successfully added to result: https://www.glamira.sk/glamira-pendant-nantale.html?diamond=opal-cabochon&stone2=diamond-sapphire&alloy=white-375
2025-09-07 00:21:45,850 INFO: Successed: https://www.glamira.es/glamira-pendant-nantale.html?alloy=white-silber&diamond=aquamarine-cabochon&stone2=diamond-Swarovsky
2025-09-07 00:21:46,039 INFO: Successed: https://www.glamira.dk/glamira-pendant-nantale.html?alloy=red-585&diamond=topaz-Blue-cabochon&stone2=diamond-sapphire
2025-09-07 00:21:46,360 INFO: Successed: https://www.glamira.fr/glamira-pendant-nantale.html?alloy=yellow-375&diamond=londonbluetopaz-cabochon
2025-09-07 00:21:46,376 INFO: Successed: https://www.glamira.fr/checkout/cart/configure/id/2143040/?alloy=yellow-750
2025-09-07 00:21:46,675 INFO: Successed: https://www.glamira.fr/glamira-pendant-nantale.html?alloy=yellow-375&itm_source=recommendation&itm_medium=detail&diamond=sapphire-cabochon&stone2=diamond-Brillant
2025-09-07 00:21:47,179 INFO: Successed: https://www.glamira.fr/glamira-pendant-nantale.html?alloy=yellow-585&diamond=peridot-cabochon&stone2=yellow-sapphire
